<?xml version="1.0" encoding="UTF-8"?>
<testng-results ignored="0" total="2" passed="2" failed="0" skipped="0">
  <reporter-output>
  </reporter-output>
  <suite started-at="2021-09-08T21:09:31 IST" name="Default suite" finished-at="2021-09-08T21:09:31 IST" duration-ms="66">
    <groups>
    </groups>
    <test started-at="2021-09-08T21:09:31 IST" name="Default test" finished-at="2021-09-08T21:09:31 IST" duration-ms="66">
      <class name="Basics.day1">
        <test-method signature="Demo()[pri:0, instance:Basics.day1@61386958]" started-at="2021-09-08T21:09:31 IST" name="Demo" finished-at="2021-09-08T21:09:31 IST" duration-ms="10" status="PASS">
          <reporter-output>
          </reporter-output>
        </test-method> <!-- Demo -->
        <test-method signature="SecondTest()[pri:0, instance:Basics.day1@61386958]" started-at="2021-09-08T21:09:31 IST" name="SecondTest" finished-at="2021-09-08T21:09:31 IST" duration-ms="1" status="PASS">
          <reporter-output>
          </reporter-output>
        </test-method> <!-- SecondTest -->
      </class> <!-- Basics.day1 -->
    </test> <!-- Default test -->
  </suite> <!-- Default suite -->
</testng-results>
