<?xml version="1.0" encoding="UTF-8"?>
<!-- Generated by org.testng.reporters.JUnitXMLReporter -->
<testsuite ignored="4" hostname="LAPTOP-PLUC8CR4" failures="0" tests="6" name="Car Loan" time="0.029" errors="0" timestamp="2021-09-09T19:25:11 IST">
  <testcase classname="Basics.day3" name="Carapilogin" time="0.002"/>
  <testcase classname="Basics.day3" name="Carapilogin" time="0.001"/>
  <testcase classname="Basics.day3" name="Carapilogin" time="0.001"/>
  <testcase classname="Basics.day3" name="Carweblogin" time="0.001"/>
  <testcase classname="Basics.day4" name="Homeapilogin" time="0.005"/>
  <testcase classname="Basics.day4" name="Homelogin" time="0.001"/>
  <testcase classname="Basics.day3" name="mobilelogin" time="0.0">
    <ignored/>
  </testcase> <!-- mobilelogin -->
  <testcase classname="Basics.day3" name="mobilesigninlogin" time="0.0">
    <ignored/>
  </testcase> <!-- mobilesigninlogin -->
  <testcase classname="Basics.day3" name="mobilesignoutlogin" time="0.0">
    <ignored/>
  </testcase> <!-- mobilesignoutlogin -->
  <testcase classname="Basics.day4" name="Homemobilelogin" time="0.0">
    <ignored/>
  </testcase> <!-- Homemobilelogin -->
</testsuite> <!-- Car Loan -->
