<?xml version="1.0" encoding="UTF-8"?>
<!-- Generated by org.testng.reporters.JUnitXMLReporter -->
<testsuite ignored="4" hostname="LAPTOP-PLUC8CR4" failures="1" tests="6" name="Car Loan" time="0.072" errors="0" timestamp="2021-09-09T21:21:48 IST">
  <testcase classname="Basics.day3" name="Carapilogin" time="0.005"/>
  <testcase classname="Basics.day3" name="Carapilogin" time="0.004"/>
  <testcase classname="Basics.day3" name="Carapilogin" time="0.001"/>
  <testcase classname="Basics.day3" name="Carweblogin" time="0.002"/>
  <testcase classname="Basics.day4" name="Homeapilogin" time="0.008">
    <failure type="java.lang.AssertionError" message="expected [true] but found [false]">
      <![CDATA[java.lang.AssertionError: expected [true] but found [false]
at Basics.day4.Homeapilogin(day4.java:25)
at java.base/java.util.concurrent.FutureTask.run(FutureTask.java:264)
at java.base/java.util.concurrent.ThreadPoolExecutor.runWorker(ThreadPoolExecutor.java:1130)
at java.base/java.util.concurrent.ThreadPoolExecutor$Worker.run(ThreadPoolExecutor.java:630)
at java.base/java.lang.Thread.run(Thread.java:831)
... Removed 12 stack frames]]>
    </failure>
  </testcase> <!-- Homeapilogin -->
  <testcase classname="Basics.day4" name="Homelogin" time="0.0">
    <skipped/>
  </testcase> <!-- Homelogin -->
  <testcase classname="Basics.day3" name="mobilelogin" time="0.0">
    <ignored/>
  </testcase> <!-- mobilelogin -->
  <testcase classname="Basics.day3" name="mobilesigninlogin" time="0.0">
    <ignored/>
  </testcase> <!-- mobilesigninlogin -->
  <testcase classname="Basics.day3" name="mobilesignoutlogin" time="0.0">
    <ignored/>
  </testcase> <!-- mobilesignoutlogin -->
  <testcase classname="Basics.day4" name="Homemobilelogin" time="0.0">
    <ignored/>
  </testcase> <!-- Homemobilelogin -->
</testsuite> <!-- Car Loan -->
