<?xml version="1.0" encoding="UTF-8"?>
<!-- Generated by org.testng.reporters.JUnitXMLReporter -->
<testsuite ignored="1" hostname="LAPTOP-PLUC8CR4" failures="0" tests="2" name="Personal Loan" time="0.051" errors="0" timestamp="2021-09-09T21:21:48 IST">
  <testcase classname="Basics.day1" name="Demo" time="0.005"/>
  <testcase classname="Basics.day2" name="Demo" time="0.003"/>
  <testcase classname="Basics.day1" name="SecondTest" time="0.0">
    <ignored/>
  </testcase> <!-- SecondTest -->
</testsuite> <!-- Personal Loan -->
