<?xml version="1.0" encoding="UTF-8"?>
<!-- Generated by org.testng.reporters.JUnitXMLReporter -->
<testsuite ignored="9" hostname="LAPTOP-PLUC8CR4" failures="0" tests="2" name="Regression" time="0.067" errors="0" timestamp="2021-09-09T17:43:43 IST">
  <testcase classname="Basics.day1" name="Demo" time="0.012"/>
  <testcase classname="Basics.day2" name="Demo" time="0.002"/>
  <testcase classname="Basics.day3" name="mobilelogin" time="0.0">
    <ignored/>
  </testcase> <!-- mobilelogin -->
  <testcase classname="Basics.day3" name="mobilesigninlogin" time="0.0">
    <ignored/>
  </testcase> <!-- mobilesigninlogin -->
  <testcase classname="Basics.day1" name="SecondTest" time="0.0">
    <ignored/>
  </testcase> <!-- SecondTest -->
  <testcase classname="Basics.day3" name="Carweblogin" time="0.0">
    <ignored/>
  </testcase> <!-- Carweblogin -->
  <testcase classname="Basics.day4" name="Homelogin" time="0.0">
    <ignored/>
  </testcase> <!-- Homelogin -->
  <testcase classname="Basics.day3" name="Carapilogin" time="0.0">
    <ignored/>
  </testcase> <!-- Carapilogin -->
  <testcase classname="Basics.day3" name="mobilesignoutlogin" time="0.0">
    <ignored/>
  </testcase> <!-- mobilesignoutlogin -->
  <testcase classname="Basics.day4" name="Homeapilogin" time="0.0">
    <ignored/>
  </testcase> <!-- Homeapilogin -->
  <testcase classname="Basics.day4" name="Homemobilelogin" time="0.0">
    <ignored/>
  </testcase> <!-- Homemobilelogin -->
</testsuite> <!-- Regression -->
